<?xml version="1.0" encoding="UTF-8"?>
<robot generator="Robot 7.0 (Python 3.12.3 on win32)" generated="2025-05-30T11:28:04.373465" rpa="false" schemaversion="5">
<suite id="s1" name="Google Test" source="C:\Agriness\robot-ci-example\tests\google_test.robot">
<test id="s1-t1" name="Abrir Google E Verificar Titulo" line="5">
<kw name="Open Browser" owner="SeleniumLibrary">
<msg time="2025-05-30T11:28:04.682322" level="INFO">Opening browser 'chrome' to base url 'https://www.google.com'.</msg>
<arg>https://www.google.com</arg>
<arg>chrome</arg>
<doc>Opens a new browser instance to the optional ``url``.</doc>
<status status="PASS" start="2025-05-30T11:28:04.682322" elapsed="3.020268"/>
</kw>
<kw name="Title Should Be" owner="SeleniumLibrary">
<msg time="2025-05-30T11:28:07.706587" level="INFO">Page title is 'Google'.</msg>
<arg>Google</arg>
<doc>Verifies that the current page title equals ``title``.</doc>
<status status="PASS" start="2025-05-30T11:28:07.702590" elapsed="0.003997"/>
</kw>
<kw name="Close Browser" owner="SeleniumLibrary">
<doc>Closes the current browser.</doc>
<status status="PASS" start="2025-05-30T11:28:07.706587" elapsed="2.097513"/>
</kw>
<status status="PASS" start="2025-05-30T11:28:04.681316" elapsed="5.122784"/>
</test>
<status status="PASS" start="2025-05-30T11:28:04.386523" elapsed="5.418580"/>
</suite>
<statistics>
<total>
<stat pass="1" fail="0" skip="0">All Tests</stat>
</total>
<tag>
</tag>
<suite>
<stat pass="1" fail="0" skip="0" id="s1" name="Google Test">Google Test</stat>
</suite>
</statistics>
<errors>
</errors>
</robot>
