<?xml version="1.0" encoding="UTF-8"?>
<robot generator="Robot 7.0 (Python 3.12.3 on win32)" generated="2025-05-30T12:56:47.622691" rpa="false" schemaversion="5">
<suite id="s1" name="Google Test" source="C:\Agriness\robot-ci-example\tests\google_test.robot">
<test id="s1-t1" name="Abrir Google E Verificar Titulo" line="5">
<kw name="Open Browser" owner="SeleniumLibrary">
<msg time="2025-05-30T12:56:47.897715" level="INFO">Opening browser 'chrome' to base url 'https://www.google.com'.</msg>
<arg>https://www.google.com</arg>
<arg>chrome</arg>
<doc>Opens a new browser instance to the optional ``url``.</doc>
<status status="PASS" start="2025-05-30T12:56:47.896709" elapsed="2.396446"/>
</kw>
<kw name="Title Should Be" owner="SeleniumLibrary">
<msg time="2025-05-30T12:56:50.298667" level="INFO">Page title is 'Google'.</msg>
<arg>Google</arg>
<doc>Verifies that the current page title equals ``title``.</doc>
<status status="PASS" start="2025-05-30T12:56:50.293155" elapsed="0.005512"/>
</kw>
<kw name="Close Browser" owner="SeleniumLibrary">
<doc>Closes the current browser.</doc>
<status status="PASS" start="2025-05-30T12:56:50.298667" elapsed="2.122528"/>
</kw>
<status status="PASS" start="2025-05-30T12:56:47.896709" elapsed="4.524486"/>
</test>
<status status="PASS" start="2025-05-30T12:56:47.635201" elapsed="4.786994"/>
</suite>
<statistics>
<total>
<stat pass="1" fail="0" skip="0">All Tests</stat>
</total>
<tag>
</tag>
<suite>
<stat pass="1" fail="0" skip="0" id="s1" name="Google Test">Google Test</stat>
</suite>
</statistics>
<errors>
</errors>
</robot>
